mode: set
github.com/everestp/primeapp/main.go:11.13,29.2 6 0
github.com/everestp/primeapp/main.go:30.39,32.6 2 0
github.com/everestp/primeapp/main.go:32.6,34.11 2 0
github.com/everestp/primeapp/main.go:34.11,37.4 2 0
github.com/everestp/primeapp/main.go:39.3,40.10 2 0
github.com/everestp/primeapp/main.go:44.57,48.43 2 1
github.com/everestp/primeapp/main.go:48.43,50.3 1 0
github.com/everestp/primeapp/main.go:52.2,53.16 2 1
github.com/everestp/primeapp/main.go:53.16,55.3 1 0
github.com/everestp/primeapp/main.go:57.2,58.19 2 1
github.com/everestp/primeapp/main.go:62.13,67.2 4 1
github.com/everestp/primeapp/main.go:69.13,71.2 1 1
github.com/everestp/primeapp/main.go:72.36,74.22 1 1
github.com/everestp/primeapp/main.go:74.22,76.3 1 1
github.com/everestp/primeapp/main.go:79.2,79.11 1 1
github.com/everestp/primeapp/main.go:79.11,81.3 1 1
github.com/everestp/primeapp/main.go:84.2,84.28 1 1
github.com/everestp/primeapp/main.go:84.28,85.15 1 1
github.com/everestp/primeapp/main.go:85.15,88.4 1 1
github.com/everestp/primeapp/main.go:91.2,91.54 1 1
